Watching for file changes with StatReloader
/usr/lib/python3/dist-packages/h5py/__init__.py:36: FutureWarning: Conversion of the second argument of issubdtype from `float` to `np.floating` is deprecated. In future, it will be treated as `np.float64 == np.dtype(float).type`.
  from ._conv import register_converters as _register_converters
Using TensorFlow backend.
[27/Sep/2019 01:38:55] "GET /workflow/ HTTP/1.0" 200 41245
[27/Sep/2019 01:38:55] "POST /workflow/queryDatasource HTTP/1.0" 200 65
[27/Sep/2019 01:38:56] "POST /workflow/queryFileList HTTP/1.0" 200 592
[27/Sep/2019 01:38:58] "POST /workflow/queryFileList HTTP/1.0" 200 24276
[27/Sep/2019 01:39:00] "POST /workflow/getScaledImageByWH HTTP/1.0" 200 10272697
[27/Sep/2019 01:40:37] "POST /workflow/queryDLModels HTTP/1.0" 200 410
[27/Sep/2019 01:40:40] "POST /workflow/getScaledCropedImage HTTP/1.0" 200 11524441
[27/Sep/2019 01:42:14] "POST /workflow/queryDLModels HTTP/1.0" 200 410
[27/Sep/2019 01:42:14] "POST /workflow/filterAnnotations HTTP/1.0" 200 68254
2019-09-27 01:42:16.050106: I tensorflow/core/platform/cpu_feature_guard.cc:142] Your CPU supports instructions that this TensorFlow binary was not compiled to use: AVX2 FMA
2019-09-27 01:42:16.079190: I tensorflow/core/platform/profile_utils/cpu_utils.cc:94] CPU Frequency: 2300080000 Hz
2019-09-27 01:42:16.083230: I tensorflow/compiler/xla/service/service.cc:168] XLA service 0x7f448e4751a0 executing computations on platform Host. Devices:
2019-09-27 01:42:16.083253: I tensorflow/compiler/xla/service/service.cc:175]   StreamExecutor device (0): <undefined>, <undefined>
2019-09-27 01:42:16.141970: W tensorflow/compiler/jit/mark_for_compilation_pass.cc:1412] (One-time warning): Not using XLA:CPU for cluster because envvar TF_XLA_FLAGS=--tf_xla_cpu_global_jit was not set.  If you want XLA:CPU, either set that envvar, or use experimental_jit_scope to enable XLA:CPU.  To confirm that XLA is active, pass --vmodule=xla_compilation_cache=1 (as a proper command-line flag, not via TF_XLA_FLAGS) or set the envvar XLA_FLAGS=--xla_hlo_profile.
WARNING: Logging before flag parsing goes to stderr.
W0927 01:42:16.394166 139935864334080 deprecation.py:323] From /home/ubuntu/dlenv3/lib/python3.6/site-packages/tensorflow/python/ops/nn_impl.py:180: add_dispatch_support.<locals>.wrapper (from tensorflow.python.ops.array_ops) is deprecated and will be removed in a future version.
Instructions for updating:
Use tf.where in 2.0, which has the same broadcast rule as np.where
[27/Sep/2019 01:42:16] "POST /workflow/queryModelInputSize HTTP/1.0" 200 21
Performing system checks...

System check identified no issues (0 silenced).
September 27, 2019 - 01:32:27
Django version 2.2.3, using settings 'pythologyImageDL.settings'
Starting development server at http://0.0.0.0:8000/
Quit the server with CONTROL-C.
success3
aaaa
Internal Server Error: /workflow/MakeTrainingSets
Traceback (most recent call last):
  File "/home/ubuntu/dlenv3/lib/python3.6/site-packages/django/core/handlers/exception.py", line 34, in inner
    response = get_response(request)
  File "/home/ubuntu/dlenv3/lib/python3.6/site-packages/django/core/handlers/base.py", line 115, in _get_response
    response = self.process_exception_by_middleware(e, request)
  File "/home/ubuntu/dlenv3/lib/python3.6/site-packages/django/core/handlers/base.py", line 113, in _get_response
    response = wrapped_callback(request, *callback_args, **callback_kwargs)
  File "/home/ubuntu/project/pythologyImageDL/workflow/views.py", line 139, in MakeTrainingSets
    return JsonResponse(result);
  File "/home/ubuntu/dlenv3/lib/python3.6/site-packages/django/http/response.py", line 552, in __init__
    'In order to allow non-dict objects to be serialized set the '
TypeError: In order to allow non-dict objects to be serialized set the safe parameter to False.
E0927 01:42:20.422689 139935864334080 log.py:228] Internal Server Error: /workflow/MakeTrainingSets
Traceback (most recent call last):
  File "/home/ubuntu/dlenv3/lib/python3.6/site-packages/django/core/handlers/exception.py", line 34, in inner
    response = get_response(request)
  File "/home/ubuntu/dlenv3/lib/python3.6/site-packages/django/core/handlers/base.py", line 115, in _get_response
    response = self.process_exception_by_middleware(e, request)
  File "/home/ubuntu/dlenv3/lib/python3.6/site-packages/django/core/handlers/base.py", line 113, in _get_response
    response = wrapped_callback(request, *callback_args, **callback_kwargs)
  File "/home/ubuntu/project/pythologyImageDL/workflow/views.py", line 139, in MakeTrainingSets
    return JsonResponse(result);
  File "/home/ubuntu/dlenv3/lib/python3.6/site-packages/django/http/response.py", line 552, in __init__
    'In order to allow non-dict objects to be serialized set the '
TypeError: In order to allow non-dict objects to be serialized set the safe parameter to False.
[27/Sep/2019 01:42:20] "POST /workflow/MakeTrainingSets HTTP/1.0" 500 15407
[27/Sep/2019 01:42:20] "GET /workflow/ HTTP/1.0" 200 41245
[27/Sep/2019 01:42:21] "POST /workflow/queryDatasource HTTP/1.0" 200 65
[27/Sep/2019 01:42:21] "POST /workflow/queryFileList HTTP/1.0" 200 592
[27/Sep/2019 01:43:08] "GET /workflow/ HTTP/1.0" 200 41395
[27/Sep/2019 01:43:09] "POST /workflow/queryDatasource HTTP/1.0" 200 65
[27/Sep/2019 01:43:09] "POST /workflow/queryFileList HTTP/1.0" 200 592
[27/Sep/2019 01:43:10] "POST /workflow/queryFileList HTTP/1.0" 200 24276
[27/Sep/2019 01:43:12] "POST /workflow/getScaledImageByWH HTTP/1.0" 200 10272697
[27/Sep/2019 01:44:51] "POST /workflow/queryDLModels HTTP/1.0" 200 410
[27/Sep/2019 01:44:53] "POST /workflow/getScaledCropedImage HTTP/1.0" 200 10741979
[27/Sep/2019 01:45:14] "POST /workflow/queryDLModels HTTP/1.0" 200 410
[27/Sep/2019 01:45:15] "POST /workflow/filterAnnotations HTTP/1.0" 200 53177
[27/Sep/2019 01:45:16] "POST /workflow/queryModelInputSize HTTP/1.0" 200 21
[27/Sep/2019 06:43:35] "GET /workflow/ HTTP/1.0" 200 41395
[27/Sep/2019 06:43:36] "GET /static/lib/jquery-3.2.1.js HTTP/1.0" 200 86658
[27/Sep/2019 06:43:36] "GET /static/lib/fontawesome5.8/css/all.min.css HTTP/1.0" 200 55111
[27/Sep/2019 06:43:36] "GET /static/lib/bootstrap-4.1.3/css/bootstrap.min.css HTTP/1.0" 200 140936
[27/Sep/2019 06:43:36] "GET /static/lib/d3.v4.js HTTP/1.0" 200 221957
[27/Sep/2019 06:43:36] "GET /static/lib/bootstrap-4.1.3/js/bootstrap.bundle.min.js HTTP/1.0" 200 70966
[27/Sep/2019 06:43:36] "GET /static/lib/fontawesome5.8/js/all.min.js HTTP/1.0" 200 1123785
[27/Sep/2019 06:43:40] "POST /workflow/queryDatasource HTTP/1.0" 200 65
[27/Sep/2019 06:43:40] "GET /static/lib/fontawesome5.8/webfonts/fa-solid-900.woff2 HTTP/1.0" 200 74256
Not Found: /favicon.ico
W0927 06:43:40.084176 139923633981184 log.py:228] Not Found: /favicon.ico
[27/Sep/2019 06:43:40] "GET /favicon.ico HTTP/1.0" 404 2219
[27/Sep/2019 06:43:40] "POST /workflow/queryFileList HTTP/1.0" 200 592
[27/Sep/2019 06:59:01] "POST /workflow/getScaledImageByWH HTTP/1.0" 200 6622564
[27/Sep/2019 06:59:27] "POST /workflow/getScaledImageByWH HTTP/1.0" 200 4094362
[27/Sep/2019 06:59:38] "POST /workflow/queryFileList HTTP/1.0" 200 12088
[27/Sep/2019 06:59:43] "POST /workflow/getScaledImageByWH HTTP/1.0" 200 9500384
[27/Sep/2019 07:00:49] "POST /workflow/queryDLModels HTTP/1.0" 200 410
[27/Sep/2019 07:00:50] "POST /workflow/getScaledCropedImage HTTP/1.0" 200 10636326
W0927 07:57:04.835777 139923633981184 deprecation.py:506] From /home/ubuntu/dlenv3/lib/python3.6/site-packages/tensorflow/python/ops/init_ops.py:97: calling GlorotUniform.__init__ (from tensorflow.python.ops.init_ops) with dtype is deprecated and will be removed in a future version.
Instructions for updating:
Call initializer instance with the dtype argument instead of passing it to the constructor
W0927 07:57:04.836086 139923633981184 deprecation.py:506] From /home/ubuntu/dlenv3/lib/python3.6/site-packages/tensorflow/python/ops/init_ops.py:1251: calling VarianceScaling.__init__ (from tensorflow.python.ops.init_ops) with dtype is deprecated and will be removed in a future version.
Instructions for updating:
Call initializer instance with the dtype argument instead of passing it to the constructor
W0927 07:57:04.836371 139923633981184 deprecation.py:506] From /home/ubuntu/dlenv3/lib/python3.6/site-packages/tensorflow/python/ops/init_ops.py:97: calling Zeros.__init__ (from tensorflow.python.ops.init_ops) with dtype is deprecated and will be removed in a future version.
Instructions for updating:
Call initializer instance with the dtype argument instead of passing it to the constructor
[27/Sep/2019 07:57:08] "POST /workflow/aiModelPredict HTTP/1.0" 200 55375
[27/Sep/2019 07:57:40] "POST /workflow/aiModelPredict HTTP/1.0" 200 55375
[27/Sep/2019 07:59:22] "POST /workflow/queryDatasource HTTP/1.0" 200 65
[27/Sep/2019 07:59:22] "POST /workflow/queryFileList HTTP/1.0" 200 592
[27/Sep/2019 07:59:31] "POST /workflow/queryFileList HTTP/1.0" 200 24276
[27/Sep/2019 07:59:39] "POST /workflow/getScaledImageByWH HTTP/1.0" 200 9304984
[27/Sep/2019 08:00:21] "POST /workflow/queryDLModels HTTP/1.0" 200 410
[27/Sep/2019 08:00:23] "POST /workflow/getScaledCropedImage HTTP/1.0" 200 12808669
[27/Sep/2019 08:01:48] "POST /workflow/aiModelPredict HTTP/1.0" 200 148743
[27/Sep/2019 08:02:10] "POST /workflow/aiModelPredict HTTP/1.0" 200 148743
[27/Sep/2019 08:02:28] "POST /workflow/aiModelPredict HTTP/1.0" 200 148743
[27/Sep/2019 08:03:47] "GET /workflow/ HTTP/1.0" 200 41395
[27/Sep/2019 08:03:48] "POST /workflow/queryDatasource HTTP/1.0" 200 65
[27/Sep/2019 08:03:48] "POST /workflow/queryFileList HTTP/1.0" 200 592
[27/Sep/2019 08:03:51] "POST /workflow/queryFileList HTTP/1.0" 200 24276
[27/Sep/2019 08:03:52] "POST /workflow/getScaledImageByWH HTTP/1.0" 200 9304984
[27/Sep/2019 08:04:21] "POST /workflow/getScaledImageByWH HTTP/1.0" 200 9304984
[27/Sep/2019 08:05:01] "POST /workflow/queryDLModels HTTP/1.0" 200 410
[27/Sep/2019 08:05:05] "POST /workflow/getScaledCropedImage HTTP/1.0" 200 10386227
[27/Sep/2019 08:06:19] "POST /workflow/aiModelPredict HTTP/1.0" 200 233399
[27/Sep/2019 08:07:17] "POST /workflow/aiModelPredict HTTP/1.0" 200 182049
[27/Sep/2019 08:08:51] "POST /workflow/aiModelPredict HTTP/1.0" 200 182049
[27/Sep/2019 19:32:46] "GET /workflow/ HTTP/1.0" 200 41395
[27/Sep/2019 19:32:47] "POST /workflow/queryDatasource HTTP/1.0" 200 65
Not Found: /favicon.ico
W0927 19:32:47.103129 139923633981184 log.py:228] Not Found: /favicon.ico
[27/Sep/2019 19:32:47] "GET /favicon.ico HTTP/1.0" 404 2219
[27/Sep/2019 19:32:47] "POST /workflow/queryFileList HTTP/1.0" 200 592
[27/Sep/2019 19:32:52] "POST /workflow/queryFileList HTTP/1.0" 200 24276
Not Found: /
W0930 15:28:46.461013 139923633981184 log.py:228] Not Found: /
[30/Sep/2019 15:28:46] "GET / HTTP/1.0" 404 2168
Not Found: /favicon.ico
W0930 15:28:46.822042 139923633981184 log.py:228] Not Found: /favicon.ico
[30/Sep/2019 15:28:46] "GET /favicon.ico HTTP/1.0" 404 2219
[30/Sep/2019 15:28:51] "GET /workflow/ HTTP/1.0" 200 41395
[30/Sep/2019 15:28:51] "POST /workflow/queryDatasource HTTP/1.0" 200 65
[30/Sep/2019 15:28:52] "POST /workflow/queryFileList HTTP/1.0" 200 592
[30/Sep/2019 15:32:08] "POST /workflow/getScaledImageByWH HTTP/1.0" 200 6622564
[30/Sep/2019 15:32:18] "GET /workflow/ HTTP/1.0" 200 41395
[30/Sep/2019 15:32:19] "POST /workflow/queryDatasource HTTP/1.0" 200 65
[30/Sep/2019 15:32:19] "POST /workflow/queryFileList HTTP/1.0" 200 592
[30/Sep/2019 15:32:23] "POST /workflow/getScaledImageByWH HTTP/1.0" 200 6594601
[30/Sep/2019 15:32:30] "POST /workflow/queryFileList HTTP/1.0" 200 24276
[30/Sep/2019 15:32:32] "POST /workflow/getScaledImageByWH HTTP/1.0" 200 5497538
[30/Sep/2019 15:32:52] "POST /workflow/queryDLModels HTTP/1.0" 200 410
[30/Sep/2019 15:32:54] "POST /workflow/getScaledCropedImage HTTP/1.0" 200 6613596
[30/Sep/2019 15:32:55] "GET /workflow/ HTTP/1.0" 200 41395
[30/Sep/2019 15:32:55] "POST /workflow/queryDatasource HTTP/1.0" 200 65
[30/Sep/2019 15:32:55] "POST /workflow/queryFileList HTTP/1.0" 200 592
[30/Sep/2019 15:33:03] "GET /workflow/ HTTP/1.0" 200 41395
[30/Sep/2019 15:33:04] "POST /workflow/queryDatasource HTTP/1.0" 200 65
[30/Sep/2019 15:33:04] "POST /workflow/queryFileList HTTP/1.0" 200 592
[30/Sep/2019 15:33:06] "POST /workflow/queryFileList HTTP/1.0" 200 24276
[30/Sep/2019 15:33:08] "POST /workflow/getScaledImageByWH HTTP/1.0" 200 15772725
[30/Sep/2019 15:33:35] "POST /workflow/queryDLModels HTTP/1.0" 200 410
[30/Sep/2019 15:33:37] "POST /workflow/getScaledCropedImage HTTP/1.0" 200 13576402
[30/Sep/2019 15:37:09] "POST /workflow/queryAnnotations HTTP/1.0" 200 12
[30/Sep/2019 15:37:11] "POST /workflow/filterAnnotations HTTP/1.0" 200 68254
[30/Sep/2019 15:41:03] "POST /workflow/queryDLModels HTTP/1.0" 200 410
[30/Sep/2019 15:41:03] "POST /workflow/filterAnnotations HTTP/1.0" 200 68254
[30/Sep/2019 15:41:05] "POST /workflow/queryModelInputSize HTTP/1.0" 200 21
[30/Sep/2019 15:45:57] "POST /workflow/queryDLModels HTTP/1.0" 200 410
[30/Sep/2019 15:46:04] "POST /workflow/queryDLModels HTTP/1.0" 200 410
[30/Sep/2019 15:46:04] "POST /workflow/filterAnnotations HTTP/1.0" 200 68254
[30/Sep/2019 15:46:06] "POST /workflow/queryModelInputSize HTTP/1.0" 200 21
[30/Sep/2019 15:46:06] "POST /workflow/queryDLModels HTTP/1.0" 200 410
[30/Sep/2019 15:46:12] "POST /workflow/queryDLModels HTTP/1.0" 200 410
[30/Sep/2019 15:46:12] "POST /workflow/filterAnnotations HTTP/1.0" 200 68254
[30/Sep/2019 15:46:14] "POST /workflow/queryModelInputSize HTTP/1.0" 200 21
[30/Sep/2019 15:46:14] "POST /workflow/queryDLModels HTTP/1.0" 200 410
[30/Sep/2019 15:46:21] "POST /workflow/queryDLModels HTTP/1.0" 200 410
[30/Sep/2019 15:46:22] "POST /workflow/getScaledCropedImage HTTP/1.0" 200 6595657
[30/Sep/2019 15:46:39] "POST /workflow/aiModelPredict HTTP/1.0" 200 44212
[30/Sep/2019 15:47:34] "POST /workflow/queryDLModels HTTP/1.0" 200 410
[30/Sep/2019 15:47:34] "POST /workflow/filterAnnotations HTTP/1.0" 200 14
[30/Sep/2019 15:47:35] "POST /workflow/queryModelInputSize HTTP/1.0" 200 21
[30/Sep/2019 15:47:36] "POST /workflow/filterAnnotations HTTP/1.0" 200 14
[30/Sep/2019 15:47:39] "POST /workflow/queryModelInputSize HTTP/1.0" 200 21
[30/Sep/2019 15:53:46] "GET /workflow/ HTTP/1.0" 200 41395
[30/Sep/2019 15:53:46] "POST /workflow/queryDatasource HTTP/1.0" 200 65
[30/Sep/2019 15:53:46] "POST /workflow/queryFileList HTTP/1.0" 200 592
[30/Sep/2019 15:54:05] "POST /workflow/queryFileList HTTP/1.0" 200 24276
[30/Sep/2019 15:54:29] "POST /workflow/getScaledImageByWH HTTP/1.0" 200 15772725
[30/Sep/2019 15:55:17] "POST /workflow/getScaledImageByWH HTTP/1.0" 200 13315563
[30/Sep/2019 15:55:36] "POST /workflow/queryDLModels HTTP/1.0" 200 410
[30/Sep/2019 15:55:39] "POST /workflow/getScaledCropedImage HTTP/1.0" 200 22693092
[30/Sep/2019 15:56:09] "POST /workflow/queryAnnotations HTTP/1.0" 200 2
[30/Sep/2019 15:57:06] "POST /workflow/saveAnnotation HTTP/1.0" 200 33
[30/Sep/2019 15:59:45] "GET /workflow/ HTTP/1.0" 200 41395
[30/Sep/2019 15:59:45] "POST /workflow/queryDatasource HTTP/1.0" 200 65
[30/Sep/2019 15:59:45] "POST /workflow/queryFileList HTTP/1.0" 200 592
[30/Sep/2019 15:59:48] "POST /workflow/queryFileList HTTP/1.0" 200 24276
[30/Sep/2019 15:59:50] "POST /workflow/getScaledImageByWH HTTP/1.0" 200 15772725
[30/Sep/2019 16:00:36] "POST /workflow/queryDLModels HTTP/1.0" 200 410
[30/Sep/2019 16:00:39] "POST /workflow/getScaledCropedImage HTTP/1.0" 200 12403933
[30/Sep/2019 16:07:30] "POST /workflow/queryAnnotations HTTP/1.0" 200 12
[30/Sep/2019 16:07:33] "POST /workflow/filterAnnotations HTTP/1.0" 200 68254
[30/Sep/2019 16:07:54] "POST /workflow/queryDLModels HTTP/1.0" 200 410
[30/Sep/2019 16:20:43] "GET /workflow/ HTTP/1.0" 200 41395
[30/Sep/2019 16:20:43] "POST /workflow/queryDatasource HTTP/1.0" 200 65
[30/Sep/2019 16:20:43] "POST /workflow/queryFileList HTTP/1.0" 200 592
[30/Sep/2019 16:20:49] "POST /workflow/getScaledImageByWH HTTP/1.0" 200 6594601
[30/Sep/2019 16:21:04] "POST /workflow/queryDLModels HTTP/1.0" 200 410
[30/Sep/2019 16:21:05] "POST /workflow/getScaledCropedImage HTTP/1.0" 200 6595657
[30/Sep/2019 16:21:12] "POST /workflow/queryDLModels HTTP/1.0" 200 410
[30/Sep/2019 16:21:13] "POST /workflow/filterAnnotations HTTP/1.0" 200 14
[30/Sep/2019 16:21:13] "POST /workflow/queryDLModels HTTP/1.0" 200 410
[30/Sep/2019 16:21:14] "POST /workflow/queryModelInputSize HTTP/1.0" 200 21
[30/Sep/2019 16:21:21] "POST /workflow/aiModelPredict HTTP/1.0" 200 44212
[30/Sep/2019 16:30:46] "POST /workflow/queryAnnotations HTTP/1.0" 200 12
[30/Sep/2019 16:31:19] "POST /workflow/filterAnnotations HTTP/1.0" 200 68254
[30/Sep/2019 16:33:55] "GET /workflow/ HTTP/1.0" 200 41395
[30/Sep/2019 16:33:55] "POST /workflow/queryDatasource HTTP/1.0" 200 65
[30/Sep/2019 16:33:56] "POST /workflow/queryFileList HTTP/1.0" 200 592
[30/Sep/2019 16:33:57] "POST /workflow/queryFileList HTTP/1.0" 200 24276
[30/Sep/2019 16:33:59] "POST /workflow/getScaledImageByWH HTTP/1.0" 200 15772725
[30/Sep/2019 16:34:24] "POST /workflow/queryDLModels HTTP/1.0" 200 410
[30/Sep/2019 16:34:27] "POST /workflow/getScaledCropedImage HTTP/1.0" 200 21350306
[30/Sep/2019 16:34:46] "POST /workflow/queryAnnotations HTTP/1.0" 200 12
[30/Sep/2019 16:34:47] "POST /workflow/filterAnnotations HTTP/1.0" 200 12784
[30/Sep/2019 16:35:41] "GET /workflow/ HTTP/1.0" 200 41395
[30/Sep/2019 16:35:42] "POST /workflow/queryDatasource HTTP/1.0" 200 65
[30/Sep/2019 16:35:42] "POST /workflow/queryFileList HTTP/1.0" 200 592
[30/Sep/2019 16:35:45] "POST /workflow/queryFileList HTTP/1.0" 200 24276
[30/Sep/2019 16:36:18] "POST /workflow/getScaledImageByWH HTTP/1.0" 200 15772725
[30/Sep/2019 16:36:37] "POST /workflow/getScaledImageByWH HTTP/1.0" 200 13315563
[30/Sep/2019 16:37:01] "POST /workflow/getScaledImageByWH HTTP/1.0" 200 15338800
[30/Sep/2019 16:38:36] "POST /workflow/getScaledImageByWH HTTP/1.0" 200 15418639
[30/Sep/2019 16:39:45] "GET /workflow/ HTTP/1.0" 200 41395
[30/Sep/2019 16:39:46] "POST /workflow/queryDatasource HTTP/1.0" 200 65
[30/Sep/2019 16:39:46] "POST /workflow/queryFileList HTTP/1.0" 200 592
[30/Sep/2019 16:39:48] "POST /workflow/queryFileList HTTP/1.0" 200 24276
[30/Sep/2019 16:40:00] "POST /workflow/getScaledImageByWH HTTP/1.0" 200 24873781
Internal Server Error: /workflow/getScaledImageByWH
Traceback (most recent call last):
  File "/home/ubuntu/dlenv3/lib/python3.6/site-packages/django/core/handlers/exception.py", line 34, in inner
    response = get_response(request)
  File "/home/ubuntu/dlenv3/lib/python3.6/site-packages/django/core/handlers/base.py", line 115, in _get_response
    response = self.process_exception_by_middleware(e, request)
  File "/home/ubuntu/dlenv3/lib/python3.6/site-packages/django/core/handlers/base.py", line 113, in _get_response
    response = wrapped_callback(request, *callback_args, **callback_kwargs)
  File "/home/ubuntu/project/pythologyImageDL/workflow/views.py", line 36, in getScaledImageByWH
    data = service.getScaledImageByWH(path,w,h);
  File "/home/ubuntu/project/pythologyImageDL/workflow/service.py", line 61, in getScaledImageByWH
    img=source.get_thumbnail((w,h))
  File "/home/ubuntu/dlenv3/lib/python3.6/site-packages/openslide/__init__.py", line 128, in get_thumbnail
    tile = self.read_region((0, 0), level, self.level_dimensions[level])
  File "/home/ubuntu/dlenv3/lib/python3.6/site-packages/openslide/__init__.py", line 223, in read_region
    level, size[0], size[1])
  File "/home/ubuntu/dlenv3/lib/python3.6/site-packages/openslide/lowlevel.py", line 259, in read_region
    _read_region(slide, buf, x, y, level, w, h)
  File "/home/ubuntu/dlenv3/lib/python3.6/site-packages/openslide/lowlevel.py", line 196, in _check_error
    raise OpenSlideError(err)
openslide.lowlevel.OpenSlideError: Empty input file
E0930 16:40:31.589529 139913508935424 log.py:228] Internal Server Error: /workflow/getScaledImageByWH
Traceback (most recent call last):
  File "/home/ubuntu/dlenv3/lib/python3.6/site-packages/django/core/handlers/exception.py", line 34, in inner
    response = get_response(request)
  File "/home/ubuntu/dlenv3/lib/python3.6/site-packages/django/core/handlers/base.py", line 115, in _get_response
    response = self.process_exception_by_middleware(e, request)
  File "/home/ubuntu/dlenv3/lib/python3.6/site-packages/django/core/handlers/base.py", line 113, in _get_response
    response = wrapped_callback(request, *callback_args, **callback_kwargs)
  File "/home/ubuntu/project/pythologyImageDL/workflow/views.py", line 36, in getScaledImageByWH
    data = service.getScaledImageByWH(path,w,h);
  File "/home/ubuntu/project/pythologyImageDL/workflow/service.py", line 61, in getScaledImageByWH
    img=source.get_thumbnail((w,h))
  File "/home/ubuntu/dlenv3/lib/python3.6/site-packages/openslide/__init__.py", line 128, in get_thumbnail
    tile = self.read_region((0, 0), level, self.level_dimensions[level])
  File "/home/ubuntu/dlenv3/lib/python3.6/site-packages/openslide/__init__.py", line 223, in read_region
    level, size[0], size[1])
  File "/home/ubuntu/dlenv3/lib/python3.6/site-packages/openslide/lowlevel.py", line 259, in read_region
    _read_region(slide, buf, x, y, level, w, h)
  File "/home/ubuntu/dlenv3/lib/python3.6/site-packages/openslide/lowlevel.py", line 196, in _check_error
    raise OpenSlideError(err)
openslide.lowlevel.OpenSlideError: Empty input file
[30/Sep/2019 16:40:31] "POST /workflow/getScaledImageByWH HTTP/1.0" 500 15730
[30/Sep/2019 16:41:23] "POST /workflow/queryDLModels HTTP/1.0" 200 410
[30/Sep/2019 16:41:27] "POST /workflow/getScaledCropedImage HTTP/1.0" 200 28957709
[30/Sep/2019 16:42:15] "POST /workflow/queryAnnotations HTTP/1.0" 200 2
[30/Sep/2019 16:43:12] "POST /workflow/saveAnnotation HTTP/1.0" 200 33
[30/Sep/2019 16:44:17] "POST /workflow/saveAnnotation HTTP/1.0" 200 33
[30/Sep/2019 16:51:12] "GET /workflow/ HTTP/1.0" 200 41395
[30/Sep/2019 16:51:14] "POST /workflow/queryDatasource HTTP/1.0" 200 65
[30/Sep/2019 16:51:14] "POST /workflow/queryFileList HTTP/1.0" 200 592
[30/Sep/2019 16:51:15] "POST /workflow/queryFileList HTTP/1.0" 200 24276
[30/Sep/2019 16:51:17] "POST /workflow/getScaledImageByWH HTTP/1.0" 200 15772725
[30/Sep/2019 16:51:52] "POST /workflow/queryDLModels HTTP/1.0" 200 410
[30/Sep/2019 16:51:55] "POST /workflow/getScaledCropedImage HTTP/1.0" 200 12274079
[30/Sep/2019 16:52:15] "GET /workflow/ HTTP/1.0" 200 41395
[30/Sep/2019 16:52:15] "POST /workflow/queryDatasource HTTP/1.0" 200 65
[30/Sep/2019 16:52:16] "POST /workflow/queryFileList HTTP/1.0" 200 592
[30/Sep/2019 16:52:17] "POST /workflow/queryFileList HTTP/1.0" 200 24276
[30/Sep/2019 16:52:19] "POST /workflow/getScaledImageByWH HTTP/1.0" 200 15772725
[30/Sep/2019 16:52:44] "POST /workflow/queryDLModels HTTP/1.0" 200 410
[30/Sep/2019 16:52:46] "POST /workflow/getScaledCropedImage HTTP/1.0" 200 27847860
[30/Sep/2019 16:53:33] "POST /workflow/queryAnnotations HTTP/1.0" 200 12
[30/Sep/2019 16:53:34] "POST /workflow/filterAnnotations HTTP/1.0" 200 11017
[30/Sep/2019 16:56:54] "POST /workflow/saveAnnotation HTTP/1.0" 200 33
[30/Sep/2019 18:58:00] "GET /workflow/ HTTP/1.0" 200 41395
[30/Sep/2019 18:58:01] "POST /workflow/queryDatasource HTTP/1.0" 200 65
[30/Sep/2019 18:58:01] "POST /workflow/queryFileList HTTP/1.0" 200 592
